# JRE version: Java(TM) SE Runtime Environment (7.0_40-b43) (build 1.7.0_40-b43)
# Java VM: Java HotSpot(TM) 64-Bit Server VM (24.0-b56 mixed mode windows-amd64 compressed oops)
Heap
 PSYoungGen      total 134656K, used 115025K [0x00000007d5880000, 0x00000007ddd80000, 0x0000000800000000)
  eden space 133120K, 85% used [0x00000007d5880000,0x00000007dc784428,0x00000007dda80000)
  from space 1536K, 87% used [0x00000007ddc00000,0x00000007ddd50000,0x00000007ddd80000)
  to   space 1536K, 0% used [0x00000007dda80000,0x00000007dda80000,0x00000007ddc00000)
 ParOldGen       total 86528K, used 32K [0x0000000780a00000, 0x0000000785e80000, 0x00000007d5880000)
  object space 86528K, 0% used [0x0000000780a00000,0x0000000780a08000,0x0000000785e80000)
 PSPermGen       total 21504K, used 18575K [0x000000077b800000, 0x000000077cd00000, 0x0000000780a00000)
  object space 21504K, 86% used [0x000000077b800000,0x000000077ca23df8,0x000000077cd00000)
GC Heap History (10 events):
Event: 0.692 GC heap before
{Heap before GC invocations=2 (full 0):
 PSYoungGen      total 38400K, used 34208K [0x00000007d5880000, 0x00000007d8300000, 0x0000000800000000)
  eden space 33280K, 100% used [0x00000007d5880000,0x00000007d7900000,0x00000007d7900000)
  from space 5120K, 18% used [0x00000007d7900000,0x00000007d79e8000,0x00000007d7e00000)
  to   space 5120K, 0% used [0x00000007d7e00000,0x00000007d7e00000,0x00000007d8300000)
 ParOldGen       total 86528K, used 0K [0x0000000780a00000, 0x0000000785e80000, 0x00000007d5880000)
  object space 86528K, 0% used [0x0000000780a00000,0x0000000780a00000,0x0000000785e80000)
 PSPermGen       total 21504K, used 4577K [0x000000077b800000, 0x000000077cd00000, 0x0000000780a00000)
  object space 21504K, 21% used [0x000000077b800000,0x000000077bc78608,0x000000077cd00000)
Event: 0.693 GC heap after
Heap after GC invocations=2 (full 0):
 PSYoungGen      total 38400K, used 1024K [0x00000007d5880000, 0x00000007d8300000, 0x0000000800000000)
  eden space 33280K, 0% used [0x00000007d5880000,0x00000007d5880000,0x00000007d7900000)
  from space 5120K, 20% used [0x00000007d7e00000,0x00000007d7f00000,0x00000007d8300000)
  to   space 5120K, 0% used [0x00000007d7900000,0x00000007d7900000,0x00000007d7e00000)
 ParOldGen       total 86528K, used 8K [0x0000000780a00000, 0x0000000785e80000, 0x00000007d5880000)
  object space 86528K, 0% used [0x0000000780a00000,0x0000000780a02000,0x0000000785e80000)
 PSPermGen       total 21504K, used 4577K [0x000000077b800000, 0x000000077cd00000, 0x0000000780a00000)
  object space 21504K, 21% used [0x000000077b800000,0x000000077bc78608,0x000000077cd00000)
}
Event: 0.766 GC heap before
{Heap before GC invocations=3 (full 0):
 PSYoungGen      total 38400K, used 34304K [0x00000007d5880000, 0x00000007d8300000, 0x0000000800000000)
  eden space 33280K, 100% used [0x00000007d5880000,0x00000007d7900000,0x00000007d7900000)
  from space 5120K, 20% used [0x00000007d7e00000,0x00000007d7f00000,0x00000007d8300000)
  to   space 5120K, 0% used [0x00000007d7900000,0x00000007d7900000,0x00000007d7e00000)
 ParOldGen       total 86528K, used 8K [0x0000000780a00000, 0x0000000785e80000, 0x00000007d5880000)
  object space 86528K, 0% used [0x0000000780a00000,0x0000000780a02000,0x0000000785e80000)
 PSPermGen       total 21504K, used 4586K [0x000000077b800000, 0x000000077cd00000, 0x0000000780a00000)
  object space 21504K, 21% used [0x000000077b800000,0x000000077bc7a850,0x000000077cd00000)
Event: 0.767 GC heap after
Heap after GC invocations=3 (full 0):
 PSYoungGen      total 38400K, used 1056K [0x00000007d5880000, 0x00000007da380000, 0x0000000800000000)
  eden space 33280K, 0% used [0x00000007d5880000,0x00000007d5880000,0x00000007d7900000)
  from space 5120K, 20% used [0x00000007d7900000,0x00000007d7a08000,0x00000007d7e00000)
  to   space 5120K, 0% used [0x00000007d9e80000,0x00000007d9e80000,0x00000007da380000)
 ParOldGen       total 86528K, used 16K [0x0000000780a00000, 0x0000000785e80000, 0x00000007d5880000)
  object space 86528K, 0% used [0x0000000780a00000,0x0000000780a04000,0x0000000785e80000)
 PSPermGen       total 21504K, used 4586K [0x000000077b800000, 0x000000077cd00000, 0x0000000780a00000)
  object space 21504K, 21% used [0x000000077b800000,0x000000077bc7a850,0x000000077cd00000)
}
Event: 0.803 GC heap before
{Heap before GC invocations=4 (full 0):
 PSYoungGen      total 38400K, used 34336K [0x00000007d5880000, 0x00000007da380000, 0x0000000800000000)
  eden space 33280K, 100% used [0x00000007d5880000,0x00000007d7900000,0x00000007d7900000)
  from space 5120K, 20% used [0x00000007d7900000,0x00000007d7a08000,0x00000007d7e00000)
  to   space 5120K, 0% used [0x00000007d9e80000,0x00000007d9e80000,0x00000007da380000)
 ParOldGen       total 86528K, used 16K [0x0000000780a00000, 0x0000000785e80000, 0x00000007d5880000)
  object space 86528K, 0% used [0x0000000780a00000,0x0000000780a04000,0x0000000785e80000)
 PSPermGen       total 21504K, used 4600K [0x000000077b800000, 0x000000077cd00000, 0x0000000780a00000)
  object space 21504K, 21% used [0x000000077b800000,0x000000077bc7e118,0x000000077cd00000)
Event: 0.804 GC heap after
Heap after GC invocations=4 (full 0):
 PSYoungGen      total 71680K, used 1120K [0x00000007d5880000, 0x00000007da380000, 0x0000000800000000)
  eden space 66560K, 0% used [0x00000007d5880000,0x00000007d5880000,0x00000007d9980000)
  from space 5120K, 21% used [0x00000007d9e80000,0x00000007d9f98020,0x00000007da380000)
  to   space 5120K, 0% used [0x00000007d9980000,0x00000007d9980000,0x00000007d9e80000)
 ParOldGen       total 86528K, used 24K [0x0000000780a00000, 0x0000000785e80000, 0x00000007d5880000)
  object space 86528K, 0% used [0x0000000780a00000,0x0000000780a06000,0x0000000785e80000)
 PSPermGen       total 21504K, used 4600K [0x000000077b800000, 0x000000077cd00000, 0x0000000780a00000)
  object space 21504K, 21% used [0x000000077b800000,0x000000077bc7e118,0x000000077cd00000)
}
Event: 0.894 GC heap before
{Heap before GC invocations=5 (full 0):
 PSYoungGen      total 71680K, used 67680K [0x00000007d5880000, 0x00000007da380000, 0x0000000800000000)
  eden space 66560K, 100% used [0x00000007d5880000,0x00000007d9980000,0x00000007d9980000)
  from space 5120K, 21% used [0x00000007d9e80000,0x00000007d9f98020,0x00000007da380000)
  to   space 5120K, 0% used [0x00000007d9980000,0x00000007d9980000,0x00000007d9e80000)
 ParOldGen       total 86528K, used 24K [0x0000000780a00000, 0x0000000785e80000, 0x00000007d5880000)
  object space 86528K, 0% used [0x0000000780a00000,0x0000000780a06000,0x0000000785e80000)
 PSPermGen       total 21504K, used 4615K [0x000000077b800000, 0x000000077cd00000, 0x0000000780a00000)
  object space 21504K, 21% used [0x000000077b800000,0x000000077bc81e88,0x000000077cd00000)
Event: 0.895 GC heap after
Heap after GC invocations=5 (full 0):
 PSYoungGen      total 71680K, used 1248K [0x00000007d5880000, 0x00000007ddd80000, 0x0000000800000000)
  eden space 66560K, 0% used [0x00000007d5880000,0x00000007d5880000,0x00000007d9980000)
  from space 5120K, 24% used [0x00000007d9980000,0x00000007d9ab8000,0x00000007d9e80000)
  to   space 1536K, 0% used [0x00000007ddc00000,0x00000007ddc00000,0x00000007ddd80000)
 ParOldGen       total 86528K, used 24K [0x0000000780a00000, 0x0000000785e80000, 0x00000007d5880000)
  object space 86528K, 0% used [0x0000000780a00000,0x0000000780a06000,0x0000000785e80000)
 PSPermGen       total 21504K, used 4615K [0x000000077b800000, 0x000000077cd00000, 0x0000000780a00000)
  object space 21504K, 21% used [0x000000077b800000,0x000000077bc81e88,0x000000077cd00000)
}
Event: 0.946 GC heap before
{Heap before GC invocations=6 (full 0):
 PSYoungGen      total 71680K, used 67808K [0x00000007d5880000, 0x00000007ddd80000, 0x0000000800000000)
  eden space 66560K, 100% used [0x00000007d5880000,0x00000007d9980000,0x00000007d9980000)
  from space 5120K, 24% used [0x00000007d9980000,0x00000007d9ab8000,0x00000007d9e80000)
  to   space 1536K, 0% used [0x00000007ddc00000,0x00000007ddc00000,0x00000007ddd80000)
 ParOldGen       total 86528K, used 24K [0x0000000780a00000, 0x0000000785e80000, 0x00000007d5880000)
  object space 86528K, 0% used [0x0000000780a00000,0x0000000780a06000,0x0000000785e80000)
 PSPermGen       total 21504K, used 4632K [0x000000077b800000, 0x000000077cd00000, 0x0000000780a00000)
  object space 21504K, 21% used [0x000000077b800000,0x000000077bc861d8,0x000000077cd00000)
Event: 0.947 GC heap after
Heap after GC invocations=6 (full 0):
 PSYoungGen      total 134656K, used 1344K [0x00000007d5880000, 0x00000007ddd80000, 0x0000000800000000)
  eden space 133120K, 0% used [0x00000007d5880000,0x00000007d5880000,0x00000007dda80000)
  from space 1536K, 87% used [0x00000007ddc00000,0x00000007ddd50000,0x00000007ddd80000)
  to   space 1536K, 0% used [0x00000007dda80000,0x00000007dda80000,0x00000007ddc00000)
 ParOldGen       total 86528K, used 32K [0x0000000780a00000, 0x0000000785e80000, 0x00000007d5880000)
  object space 86528K, 0% used [0x0000000780a00000,0x0000000780a08000,0x0000000785e80000)
 PSPermGen       total 21504K, used 4632K [0x000000077b800000, 0x000000077cd00000, 0x0000000780a00000)
  object space 21504K, 21% used [0x000000077b800000,0x000000077bc861d8,0x000000077cd00000)
}

